build/library/selector/outputs/logs/manifest-merger-debug-report.txt
-- Merging decision tree log ---
manifest
ADDED from src\main\AndroidManifest.xml:2:1-37:12
INJECTED from src\main\AndroidManifest.xml:2:1-37:12
INJECTED from src\main\AndroidManifest.xml:2:1-37:12
	package
		ADDED from src\main\AndroidManifest.xml:3:5-35
		INJECTED from src\main\AndroidManifest.xml
		INJECTED from src\main\AndroidManifest.xml
	xmlns:android
		ADDED from src\main\AndroidManifest.xml:2:11-69
application
ADDED from src\main\AndroidManifest.xml:5:5-35:19
provider#com.luck.picture.lib.basic.PictureFileProvider
ADDED from src\main\AndroidManifest.xml:6:9-14:20
	android:grantUriPermissions
		ADDED from src\main\AndroidManifest.xml:10:13-47
	android:authorities
		ADDED from src\main\AndroidManifest.xml:8:13-64
	android:exported
		ADDED from src\main\AndroidManifest.xml:9:13-37
	android:name
		ADDED from src\main\AndroidManifest.xml:7:13-74
meta-data#android.support.FILE_PROVIDER_PATHS
ADDED from src\main\AndroidManifest.xml:11:13-13:57
	android:resource
		ADDED from src\main\AndroidManifest.xml:13:17-54
	android:name
		ADDED from src\main\AndroidManifest.xml:12:17-67
service#com.luck.picture.lib.service.ForegroundService
ADDED from src\main\AndroidManifest.xml:16:9-19:56
	android:enabled
		ADDED from src\main\AndroidManifest.xml:18:13-35
	android:foregroundServiceType
		ADDED from src\main\AndroidManifest.xml:19:13-53
	android:name
		ADDED from src\main\AndroidManifest.xml:17:13-74
activity#com.luck.picture.lib.basic.PictureSelectorSupporterActivity
ADDED from src\main\AndroidManifest.xml:21:9-26:20
	android:configChanges
		ADDED from src\main\AndroidManifest.xml:23:13-74
	android:theme
		ADDED from src\main\AndroidManifest.xml:24:13-58
	android:name
		ADDED from src\main\AndroidManifest.xml:22:13-67
activity#com.luck.picture.lib.basic.PictureSelectorTransparentActivity
ADDED from src\main\AndroidManifest.xml:28:9-33:20
	android:configChanges
		ADDED from src\main\AndroidManifest.xml:30:13-74
	android:theme
		ADDED from src\main\AndroidManifest.xml:31:13-61
	android:name
		ADDED from src\main\AndroidManifest.xml:29:13-69
uses-sdk
INJECTED from src\main\AndroidManifest.xml reason: use-sdk injection requested
INJECTED from src\main\AndroidManifest.xml
INJECTED from src\main\AndroidManifest.xml
INJECTED from src\main\AndroidManifest.xml
INJECTED from src\main\AndroidManifest.xml
	android:targetSdkVersion
		INJECTED from src\main\AndroidManifest.xml
		ADDED from src\main\AndroidManifest.xml
		INJECTED from src\main\AndroidManifest.xml
	android:minSdkVersion
		INJECTED from src\main\AndroidManifest.xml
		ADDED from src\main\AndroidManifest.xml
		INJECTED from src\main\AndroidManifest.xml